[22:17:38] [main/INFO]: Environment: authHost='https://authserver.mojang.com', accountsHost='https://api.mojang.com', sessionHost='https://sessionserver.mojang.com', servicesHost='https://api.minecraftservices.com', name='PROD'
[22:17:39] [main/INFO]: Reloading ResourceManager: Default, bukkit
[22:17:40] [Worker-Main-1/INFO]: Loaded 7 recipes
[22:17:41] [Server thread/INFO]: Starting minecraft server version 1.16.5
[22:17:41] [Server thread/INFO]: Loading properties
[22:17:41] [Server thread/INFO]: This server is running Paper version git-Paper-492 (MC: 1.16.5) (Implementing API version 1.16.5-R0.1-SNAPSHOT)
[22:17:42] [Server thread/INFO]: Server Ping Player Sample Count: 12
[22:17:42] [Server thread/INFO]: Using 4 threads for Netty based IO
[22:17:42] [Server thread/INFO]: Debug logging is disabled
[22:17:42] [Server thread/INFO]: Default game type: SURVIVAL
[22:17:42] [Server thread/INFO]: Generating keypair
[22:17:42] [Server thread/INFO]: Starting Minecraft server on *:25565
[22:17:42] [Server thread/INFO]: Using epoll channel type
[22:17:42] [Server thread/INFO]: Server permissions file permissions.yml is empty, ignoring it
[22:17:42] [Server thread/INFO]: Preparing level "world"
[22:17:43] [Server thread/INFO]: Preparing start region for dimension minecraft:overworld
[22:17:43] [Server thread/INFO]: Loaded 0 spawn chunks for world world
[22:17:43] [Server thread/INFO]: Preparing spawn area: 0%
[22:17:43] [Server thread/INFO]: Time elapsed: 451 ms
[22:17:43] [Server thread/INFO]: Preparing start region for dimension minecraft:the_nether
[22:17:43] [Server thread/INFO]: Loaded 0 spawn chunks for world world_nether
[22:17:45] [Server thread/INFO]: Time elapsed: 1966 ms
[22:17:45] [Server thread/INFO]: Preparing start region for dimension minecraft:the_end
[22:17:45] [Server thread/INFO]: Loaded 0 spawn chunks for world world_the_end
[22:17:46] [Server thread/INFO]: Time elapsed: 583 ms
[22:17:46] [Server thread/INFO]: Starting remote control listener
[22:17:46] [Server thread/WARN]: No rcon password set in server.properties, rcon disabled!
[22:17:46] [Server thread/INFO]: Running delayed init tasks
[22:17:46] [Server thread/INFO]: Done (4.654s)! For help, type "help"
[22:17:46] [Server thread/INFO]: Timings Reset
[22:17:47] [Server thread/INFO]: Stopping the server
[22:17:47] [Server thread/INFO]: Stopping server
[22:17:47] [Server thread/INFO]: Saving players
[22:17:47] [Server thread/INFO]: Saving worlds
[22:17:47] [Server thread/INFO]: Saving chunks for level 'ServerLevel[world]'/minecraft:overworld
[22:17:56] [Server thread/INFO]: ThreadedAnvilChunkStorage (world): All chunks are saved
[22:17:56] [Server thread/INFO]: Saving chunks for level 'ServerLevel[world_nether]'/minecraft:the_nether
