[PREINITIALIZATION][SERVER][INFO] Current loaders after merging: [[preinit]]
[PREINITIALIZATION][SERVER][INFO] Loading scripts for loader with names [preinit]
[PREINITIALIZATION][SERVER][INFO] [preinit | SIDE_SERVER]: Skipping file {[0:crafttweaker]: 00_default.zs} as we are currently loading with a different loader
[PREINITIALIZATION][SERVER][INFO] [preinit | SIDE_SERVER]: Skipping file {[0:crafttweaker]: 01_unification.zs} as we are currently loading with a different loader
[PREINITIALIZATION][SERVER][INFO] [preinit | SIDE_SERVER]: Skipping file {[0:crafttweaker]: 02_jei.zs} as we are currently loading with a different loader
[PREINITIALIZATION][SERVER][INFO] Completed script loading in: 3ms
[INITIALIZATION][SERVER][INFO] CraftTweaker: Building registry
[INITIALIZATION][SERVER][INFO] CraftTweaker: Successfully built item registry
[INITIALIZATION][SERVER][INFO] Current loaders after merging: [[preinit], [recipeevent | crafttweaker]]
[INITIALIZATION][SERVER][INFO] Loading scripts for loader with names [crafttweaker | recipeevent]
[INITIALIZATION][SERVER][INFO] [crafttweaker | SIDE_SERVER]: Loading Script: {[0:crafttweaker]: 00_default.zs}
[INITIALIZATION][SERVER][INFO] Altering Casting Recipe(s) for <ic2:resource:10>
[INITIALIZATION][SERVER][INFO] Altering Casting Recipe(s) for <chisel:blockcobalt>
[INITIALIZATION][SERVER][INFO] Adding tooltip for <tconstruct:toolforge>: Can be made from any metal block
[INITIALIZATION][SERVER][INFO] Adding tooltip for <ic2:misc_resource:3>: Keep out of reach of Soaryns
[INITIALIZATION][SERVER][INFO] [crafttweaker | SIDE_SERVER]: Loading Script: {[0:crafttweaker]: 01_unification.zs}
[INITIALIZATION][SERVER][INFO] Trying to remove Crafting Table recipes for kind: plate
[INITIALIZATION][SERVER][INFO] Removing Crusher Recipe for output: Black Quartz
[INITIALIZATION][SERVER][INFO] Adding Crusher Recipe for Crushed Black Quartz
[INITIALIZATION][SERVER][INFO] Adding Block of Charcoal to ore dictionary entry blockCharcoal
[INITIALIZATION][SERVER][INFO] Adding Crusher Recipe for Dimensional Shard
[INITIALIZATION][SERVER][INFO] Adding Crusher Recipe for Dimensional Shard
[INITIALIZATION][SERVER][INFO] Adding Crusher Recipe for Dimensional Shard
[INITIALIZATION][SERVER][INFO] [crafttweaker | SIDE_SERVER]: Loading Script: {[0:crafttweaker]: 02_jei.zs}
[INITIALIZATION][SERVER][INFO] Adding tooltip for <appliedenergistics2:facade>.withTag({damage: 0, item: "minecraft:stone"}): Check item description using JEI recipe lookup for information on crafting.
[INITIALIZATION][SERVER][INFO] Completed script loading in: 470ms
